<?xml version="1.0" encoding="UTF-8"?>
<!-- Generated by org.testng.reporters.JUnitXMLReporter -->
<testsuite ignored="0" hostname="DESKTOP-NRJLUV5" failures="0" tests="2" name="Test" time="34.233" errors="0" timestamp="22 Sep 2021 20:52:37 GMT">
  <testcase classname="com.qa.testcases.homePageTest" name="clickONFlightTab" time="0.828"/>
  <testcase classname="com.qa.testcases.homePageTest" name="enterTravelDetails" time="0.0">
    <skipped/>
  </testcase> <!-- enterTravelDetails -->
</testsuite> <!-- Test -->
