<?xml version="1.0" encoding="UTF-8"?>
<!-- Generated by org.testng.reporters.JUnitXMLReporter -->
<testsuite ignored="0" hostname="DESKTOP-NRJLUV5" failures="0" tests="2" name="Test" time="29.372" errors="0" timestamp="27 Sep 2021 20:11:27 GMT">
  <testcase classname="com.qa.testcases.homePageTest" name="clickONFlightTab" time="2.165"/>
  <testcase classname="com.qa.testcases.homePageTest" name="enterTravelDetails" time="0.0">
    <skipped/>
  </testcase> <!-- enterTravelDetails -->
</testsuite> <!-- Test -->
